SF:lib\presentation\faves\book_fave_list_cubit.dart
DA:8,1
DA:9,1
DA:17,1
DA:18,3
DA:20,2
DA:21,3
DA:22,0
DA:24,0
DA:25,0
DA:29,0
DA:30,0
DA:32,0
DA:33,0
DA:34,0
DA:35,0
DA:37,0
DA:38,0
LF:17
LH:6
end_of_record
SF:lib\presentation\faves\book_fave_list_state.dart
DA:9,3
DA:15,1
DA:20,1
DA:21,1
DA:22,0
DA:23,1
DA:26,1
DA:27,1
DA:28,1
DA:29,1
DA:30,1
LF:11
LH:10
end_of_record
SF:lib\domain\items\faves.model\fave_book_item.dart
DA:13,1
DA:24,1
DA:25,1
DA:26,1
DA:27,1
DA:28,1
DA:29,1
DA:30,1
DA:31,1
DA:32,1
DA:33,1
LF:11
LH:11
end_of_record
SF:lib\domain\items\model\book_item_class.dart
DA:14,0
DA:26,0
DA:27,0
DA:28,0
DA:29,0
DA:30,0
DA:31,0
DA:32,0
DA:33,0
DA:34,0
DA:35,0
DA:36,0
LF:12
LH:0
end_of_record
SF:lib\presentation\chars\bloc\book_list_cubit.dart
DA:8,0
DA:9,0
DA:17,0
DA:18,0
DA:20,0
DA:21,0
DA:22,0
DA:24,0
DA:25,0
DA:29,0
DA:30,0
DA:32,0
DA:33,0
DA:34,0
DA:36,0
DA:37,0
LF:16
LH:0
end_of_record
SF:lib\presentation\chars\bloc\book_list_state.dart
DA:9,1
DA:15,0
DA:20,0
DA:21,0
DA:22,0
DA:23,0
DA:25,0
DA:26,0
DA:27,0
DA:28,0
DA:29,0
LF:11
LH:1
end_of_record
